Group Kemungkinan Penyakit: Array
(
    [0] => Array
        (
            [nama_penyakit] => Bercak Daun
        )

    [1] => Array
        (
            [nama_penyakit] => Karat Daun
        )

)
SQL: Array
(
    [0] => 1
)
Nama Anggrek: dTest: Array
(
    [0] => 1.0
)
WxGejala: 1Group Kemungkinan Penyakit: Array
(
    [0] => Array
        (
            [nama_penyakit] => Bercak Daun
        )

    [1] => Array
        (
            [nama_penyakit] => Karat Daun
        )

)
SQL: Array
(
    [0] => 1
)
Nama Anggrek: dTest: Array
(
    [0] => 1.0
)
WxGejala: 1Group Kemungkinan Penyakit: Array
(
    [0] => Array
        (
            [nama_penyakit] => Bercak Daun
        )

    [1] => Array
        (
            [nama_penyakit] => Karat Daun
        )

)
SQL: Array
(
    [0] => 1
)
Nama Anggrek: dTest: Array
(
    [0] => 1.0
)
WxGejala: 1SQL: Array
(
    [0] => 1
)
Nama Anggrek: dTest: Array
(
    [0] => 1.0
)
WxGejala: 1SQL: Array
(
    [0] => 1
)
Nama Anggrek: dTest: Array
(
    [0] => 1.0
)
WxGejala: 1SQL: Array
(
    [0] => 1
)
Nama Anggrek: dTest: Array
(
    [0] => 1.0
)
WxGejala: 1SQL: Array
(
    [0] => 1
)
Nama Anggrek: dTest: Array
(
    [0] => 1.0
)
WxGejala: 1SQL: Array
(
    [0] => 1
)
Nama Anggrek: dTest: Array
(
    [0] => 1.0
)
WxGejala: 1SQL: Array
(
    [0] => 1
)
Nama Anggrek: dTest: Array
(
    [0] => 1.0
)
WxGejala: 1SQL: Array
(
    [0] => 1
)
Nama Anggrek: dTest: Array
(
    [0] => 1.0
)
WxGejala: 1SQL: Array
(
    [0] => 1
)
Nama Anggrek: dTest: Array
(
    [0] => 1.0
)
WxGejala: 1SQL: Array
(
    [0] => 1
)
Nama Anggrek: dTest: Array
(
    [0] => 1.0
)
WxGejala: 1SQL: Array
(
    [0] => 1
)
Nama Anggrek: dTest: Array
(
    [0] => 1.0
)
WxGejala: 1